TN:
SF:database.js
FN:6,getDB
FN:54,resetDB
FNF:2
FNH:2
FNDA:25,getDB
FNDA:23,resetDB
DA:1,2
DA:2,2
DA:4,2
DA:7,25
DA:10,2
DA:14,2
DA:15,2
DA:17,2
DA:51,2
DA:55,23
DA:56,23
DA:59,2
LF:12
LH:12
BRDA:7,0,0,23
BRDA:7,0,1,2
BRDA:10,1,0,2
BRDA:10,1,1,0
BRF:4
BRH:3
end_of_record
TN:
SF:server.js
FN:22,(anonymous_0)
FN:28,(anonymous_1)
FNF:2
FNH:0
FNDA:0,(anonymous_0)
FNDA:0,(anonymous_1)
DA:1,2
DA:2,2
DA:3,2
DA:4,2
DA:6,2
DA:7,2
DA:8,2
DA:10,2
DA:12,2
DA:13,2
DA:14,2
DA:16,2
DA:18,2
DA:19,2
DA:20,2
DA:22,2
DA:23,0
DA:26,2
DA:27,2
DA:28,0
DA:29,0
DA:33,2
LF:22
LH:19
BRDA:26,0,0,2
BRDA:26,0,1,2
BRDA:27,1,0,0
BRDA:27,1,1,2
BRF:4
BRH:3
end_of_record
TN:
SF:middleware\authMiddleware.js
FN:5,authenticate
FNF:1
FNH:1
FNDA:30,authenticate
DA:1,2
DA:3,2
DA:6,30
DA:8,30
DA:9,1
DA:12,29
DA:14,29
DA:15,29
DA:16,29
DA:18,0
DA:22,2
LF:11
LH:10
BRDA:3,0,0,2
BRDA:3,0,1,2
BRDA:8,1,0,1
BRDA:8,1,1,29
BRDA:8,2,0,30
BRDA:8,2,1,29
BRF:6
BRH:6
end_of_record
TN:
SF:routes\auth.js
FN:9,(anonymous_0)
FN:42,(anonymous_1)
FNF:2
FNH:2
FNDA:26,(anonymous_0)
FNDA:4,(anonymous_1)
DA:1,2
DA:2,2
DA:3,2
DA:4,2
DA:6,2
DA:9,2
DA:10,26
DA:11,26
DA:13,26
DA:14,1
DA:16,25
DA:17,1
DA:20,24
DA:21,24
DA:22,24
DA:26,22
DA:32,22
DA:34,2
DA:35,2
DA:37,0
DA:42,2
DA:43,4
DA:44,4
DA:46,4
DA:47,1
DA:50,3
DA:51,3
DA:53,3
DA:54,2
DA:57,1
DA:63,1
DA:65,0
DA:69,2
LF:33
LH:31
BRDA:13,0,0,1
BRDA:13,0,1,25
BRDA:13,1,0,26
BRDA:13,1,1,26
BRDA:13,1,2,25
BRDA:16,2,0,1
BRDA:16,2,1,24
BRDA:34,3,0,2
BRDA:34,3,1,0
BRDA:34,4,0,2
BRDA:34,4,1,2
BRDA:46,5,0,1
BRDA:46,5,1,3
BRDA:46,6,0,4
BRDA:46,6,1,4
BRDA:53,7,0,2
BRDA:53,7,1,1
BRDA:53,8,0,3
BRDA:53,8,1,2
BRF:19
BRH:18
end_of_record
TN:
SF:routes\categories.js
FN:8,(anonymous_0)
FN:14,(anonymous_1)
FN:32,(anonymous_2)
FNF:3
FNH:0
FNDA:0,(anonymous_0)
FNDA:0,(anonymous_1)
FNDA:0,(anonymous_2)
DA:1,2
DA:2,2
DA:4,2
DA:5,2
DA:8,2
DA:9,0
DA:10,0
DA:14,2
DA:15,0
DA:16,0
DA:18,0
DA:19,0
DA:22,0
DA:26,0
DA:32,2
DA:33,0
DA:34,0
DA:38,0
DA:39,0
DA:42,2
LF:20
LH:8
BRDA:18,0,0,0
BRDA:18,0,1,0
BRDA:18,1,0,0
BRDA:18,1,1,0
BRDA:38,2,0,0
BRDA:38,2,1,0
BRF:6
BRH:0
end_of_record
TN:
SF:routes\tasks.js
FN:8,(anonymous_0)
FN:31,(anonymous_1)
FN:46,(anonymous_2)
FN:72,(anonymous_3)
FN:107,(anonymous_4)
FNF:5
FNH:4
FNDA:5,(anonymous_0)
FNDA:0,(anonymous_1)
FNDA:18,(anonymous_2)
FNDA:2,(anonymous_3)
FNDA:4,(anonymous_4)
DA:1,2
DA:2,2
DA:4,2
DA:5,2
DA:8,2
DA:9,5
DA:10,5
DA:12,5
DA:18,5
DA:20,5
DA:21,5
DA:22,5
DA:23,5
DA:25,5
DA:27,5
DA:31,2
DA:32,0
DA:33,0
DA:41,0
DA:42,0
DA:46,2
DA:47,18
DA:48,18
DA:50,18
DA:52,17
DA:67,17
DA:68,17
DA:72,2
DA:73,2
DA:74,2
DA:78,2
DA:80,1
DA:82,1
DA:103,1
DA:107,2
DA:108,4
DA:109,4
DA:113,4
DA:114,2
DA:117,2
LF:40
LH:36
BRDA:20,0,0,2
BRDA:20,0,1,3
BRDA:21,1,0,1
BRDA:21,1,1,4
BRDA:22,2,0,0
BRDA:22,2,1,5
BRDA:23,3,0,1
BRDA:23,3,1,4
BRDA:41,4,0,0
BRDA:41,4,1,0
BRDA:50,5,0,1
BRDA:50,5,1,17
BRDA:59,6,0,17
BRDA:59,6,1,17
BRDA:60,7,0,17
BRDA:60,7,1,4
BRDA:61,8,0,17
BRDA:61,8,1,6
BRDA:62,9,0,17
BRDA:62,9,1,16
BRDA:63,10,0,17
BRDA:63,10,1,17
BRDA:78,11,0,1
BRDA:78,11,1,1
BRDA:93,12,0,1
BRDA:93,12,1,0
BRDA:94,13,0,0
BRDA:94,13,1,1
BRDA:95,14,0,1
BRDA:95,14,1,0
BRDA:96,15,0,0
BRDA:96,15,1,1
BRDA:97,16,0,0
BRDA:97,16,1,1
BRDA:98,17,0,0
BRDA:98,17,1,1
BRDA:113,18,0,2
BRDA:113,18,1,2
BRF:38
BRH:29
end_of_record
